Arguments: 
  /usr/local/bin/node /usr/local/bin/yarn init

PATH: 
  /Users/cameronharris/.composer/vendor/bin:/Users/cameronharris/.cargo/bin:/usr/local/opt/gettext/bin:/usr/local/bin:/usr/bin:/bin:/usr/sbin:/sbin:~/Library/Python/3.7/bin/aws:/Library/Apple/usr/bin:/Users/cameronharris/Library/Android/sdk/tools:/Users/cameronharris/Library/Android/sdk/platform-tools

Yarn version: 
  1.17.3

Node version: 
  12.16.3

Platform: 
  darwin x64

Trace: 
  Error: canceled
      at Interface.<anonymous> (/usr/local/lib/node_modules/yarn/lib/cli.js:136724:13)
      at Interface.emit (events.js:310:20)
      at Interface._ttyWrite (readline.js:893:16)
      at ReadStream.onkeypress (readline.js:198:10)
      at ReadStream.emit (events.js:310:20)
      at emitKeys (internal/readline/utils.js:438:14)
      at emitKeys.next (<anonymous>)
      at ReadStream.onData (readline.js:1160:36)
      at ReadStream.emit (events.js:310:20)
      at addChunk (_stream_readable.js:286:12)

npm manifest: 
  No manifest

yarn manifest: 
  No manifest

Lockfile: 
  No lockfile
